1701939395507	geckodriver	INFO	Listening on 127.0.0.1:56259
1701939398569	mozrunner::runner	INFO	Running command: "C:\\Program Files\\Mozilla Firefox\\firefox.exe" "--marionette" "--remote-debugging-port" "56260" "--remote-allow-hosts" "localhost" "-no-remote" "-profile" "C:\\Users\\Dell\\AppData\\Local\\Temp\\rust_mozprofile7IAqK0"
console.warn: services.settings: Ignoring preference override of remote settings server
console.warn: services.settings: Allow by setting MOZ_REMOTE_SETTINGS_DEVTOOLS=1 in the environment
1701939399181	Marionette	INFO	Marionette enabled
Dynamically enable window occlusion 0
1701939399348	Marionette	INFO	Listening on port 56267
WebDriver BiDi listening on ws://127.0.0.1:56260
Read port: 56267
1701939399723	RemoteAgent	WARN	TLS certificate errors will be ignored for this session
DevTools listening on ws://127.0.0.1:56260/devtools/browser/953f959c-610b-4f78-b220-6d073ada8b23
JavaScript warning: https://www.amazon.fr/, line 1937: WEBGL_debug_renderer_info is deprecated in Firefox and will be removed. Please use RENDERER.
console.warn: LoginRecipes: "Falling back to a synchronous message for: https://www.amazon.fr."
JavaScript warning: https://m.media-amazon.com/images/I/81PUvRgN2sL.js?AUIClients/FWCIMAssets, line 298: WEBGL_debug_renderer_info is deprecated in Firefox and will be removed. Please use RENDERER.
console.warn: LoginRecipes: "Falling back to a synchronous message for: https://www.amazon.fr."
JavaScript warning: https://www.amazon.fr/s?k=Lenovo+IdeaPad+Slim+3+Chrome&__mk_fr_FR=%C3%85M%C3%85%C5%BD%C3%95%C3%91&crid=24YWXG5ERMFUA&sprefix=lenovo+ideapad+slim+3+chrome%2Caps%2C432&ref=nb_sb_noss_1, line 9136: WEBGL_debug_renderer_info is deprecated in Firefox and will be removed. Please use RENDERER.
1701939416066	Marionette	INFO	Stopped listening on port 56267
JavaScript warning: https://www.amazon.fr/s?k=Lenovo+IdeaPad+Slim+3+Chrome&__mk_fr_FR=%C3%85M%C3%85%C5%BD%C3%95%C3%91&crid=24YWXG5ERMFUA&sprefix=lenovo+ideapad+slim+3+chrome%2Caps%2C432&ref=nb_sb_noss_1, line 9137: Script terminated by timeout at:
U@https://www.amazon.fr/s?k=Lenovo+IdeaPad+Slim+3+Chrome&__mk_fr_FR=%C3%85M%C3%85%C5%BD%C3%95%C3%91&crid=24YWXG5ERMFUA&sprefix=lenovo+ideapad+slim+3+chrome%2Caps%2C432&ref=nb_sb_noss_1:9137:1138

JavaScript warning: https://m.media-amazon.com/images/I/41rQMJCpkQL.js, line 1: Script terminated by timeout at:
e@https://m.media-amazon.com/images/I/41rQMJCpkQL.js:1:11797

Dynamically enable window occlusion 1
